<?xml version="1.0" encoding="UTF-8"?>
<!-- Generated by org.testng.reporters.JUnitXMLReporter -->
<testsuite hostname="Dell123" ignored="4" name="Default test(failed)" tests="1" failures="0" timestamp="2023-01-13T21:53:53 IST" time="41.086" errors="0">
  <testcase name="validateText" time="41.029" classname="PracticeScenario.TestDemo"/>
  <testcase name="reusableLoginMethodUse" time="0.0" classname="PracticeScenario.TestDemo">
    <ignored/>
  </testcase> <!-- reusableLoginMethodUse -->
  <testcase name="identifyLogoField" time="0.0" classname="PracticeScenario.TestDemo">
    <ignored/>
  </testcase> <!-- identifyLogoField -->
  <testcase name="allConditionalMethod" time="0.0" classname="PracticeScenario.TestDemo">
    <ignored/>
  </testcase> <!-- allConditionalMethod -->
  <testcase name="allNavigationCommand" time="0.0" classname="PracticeScenario.TestDemo">
    <ignored/>
  </testcase> <!-- allNavigationCommand -->
</testsuite> <!-- Default test(failed) -->
