<?xml version="1.0" encoding="UTF-8"?>
<!-- Generated by org.testng.reporters.JUnitXMLReporter -->
<testsuite hostname="Dell123" ignored="0" name="Test" tests="6" failures="0" timestamp="2022-07-20T20:39:31 IST" time="0.047" errors="0">
  <testcase name="TestCase1" time="0.0" classname="GroupingByShaileshSir.Grouping"/>
  <testcase name="TestCase2" time="0.0" classname="GroupingByShaileshSir.Grouping"/>
  <testcase name="TestCase3" time="0.0" classname="GroupingByShaileshSir.Grouping"/>
  <testcase name="TestCase4" time="0.0" classname="GroupingByShaileshSir.Grouping"/>
  <testcase name="TestCase5" time="0.0" classname="GroupingByShaileshSir.Grouping"/>
  <testcase name="TestCase6" time="0.0" classname="GroupingByShaileshSir.Grouping"/>
</testsuite> <!-- Test -->
