<?xml version="1.0" encoding="UTF-8"?>
<!-- Generated by org.testng.reporters.JUnitXMLReporter -->
<testsuite hostname="Dell123" ignored="3" name="testing" tests="3" failures="0" timestamp="2022-09-02T21:45:12 IST" time="0.081" errors="0">
  <testcase name="TestCase2" time="0.012" classname="GroupingByShaileshSir.Grouping"/>
  <testcase name="TestCase4" time="0.005" classname="GroupingByShaileshSir.Grouping"/>
  <testcase name="TestCase5" time="0.003" classname="GroupingByShaileshSir.Grouping"/>
  <testcase name="TestCase6" time="0.0" classname="GroupingByShaileshSir.Grouping">
    <ignored/>
  </testcase> <!-- TestCase6 -->
  <testcase name="TestCase3" time="0.0" classname="GroupingByShaileshSir.Grouping">
    <ignored/>
  </testcase> <!-- TestCase3 -->
  <testcase name="TestCase1" time="0.0" classname="GroupingByShaileshSir.Grouping">
    <ignored/>
  </testcase> <!-- TestCase1 -->
</testsuite> <!-- testing -->
