<?xml version="1.0" encoding="UTF-8"?>
<!-- Generated by org.testng.reporters.JUnitXMLReporter -->
<testsuite hostname="Dell123" ignored="36" name="Default test" tests="1" failures="0" timestamp="2023-05-05T14:07:02 IST" time="9.877" errors="0">
  <testcase name="validateTextByPagesourceMethod" time="6.51" classname="PracticeScenario.TestDemo"/>
  <testcase name="Assertion" time="0.0" classname="PracticeScenario.TestDemo">
    <ignored/>
  </testcase> <!-- Assertion -->
  <testcase name="sliderByPawanSir" time="0.0" classname="PracticeScenario.TestDemo">
    <ignored/>
  </testcase> <!-- sliderByPawanSir -->
  <testcase name="webTableHandlingByPawanSir" time="0.0" classname="PracticeScenario.TestDemo">
    <ignored/>
  </testcase> <!-- webTableHandlingByPawanSir -->
  <testcase name="HardAssertUse" time="0.0" classname="PracticeScenario.TestDemo">
    <ignored/>
  </testcase> <!-- HardAssertUse -->
  <testcase name="fileyUploadingWithJavascriptExecutorByPawanSir" time="0.0" classname="PracticeScenario.TestDemo">
    <ignored/>
  </testcase> <!-- fileyUploadingWithJavascriptExecutorByPawanSir -->
  <testcase name="multiKeyboardAction" time="0.0" classname="PracticeScenario.TestDemo">
    <ignored/>
  </testcase> <!-- multiKeyboardAction -->
  <testcase name="validateTextBy" time="0.0" classname="PracticeScenario.TestDemo">
    <ignored/>
  </testcase> <!-- validateTextBy -->
  <testcase name="ScrollDownByJavaScriptExecutor" time="0.0" classname="PracticeScenario.TestDemo">
    <ignored/>
  </testcase> <!-- ScrollDownByJavaScriptExecutor -->
  <testcase name="allConditionalMethod" time="0.0" classname="PracticeScenario.TestDemo">
    <ignored/>
  </testcase> <!-- allConditionalMethod -->
  <testcase name="handleCheckboxByPawanSir" time="0.0" classname="PracticeScenario.TestDemo">
    <ignored/>
  </testcase> <!-- handleCheckboxByPawanSir -->
  <testcase name="rightclickByPawanSir" time="0.0" classname="PracticeScenario.TestDemo">
    <ignored/>
  </testcase> <!-- rightclickByPawanSir -->
  <testcase name="LinkTextandPartialLinkText" time="0.0" classname="PracticeScenario.TestDemo">
    <ignored/>
  </testcase> <!-- LinkTextandPartialLinkText -->
  <testcase name="allTheLinkOnWebApplication" time="0.0" classname="PracticeScenario.TestDemo">
    <ignored/>
  </testcase> <!-- allTheLinkOnWebApplication -->
  <testcase name="fileUploadByWithSendkeysByPawanSir" time="0.0" classname="PracticeScenario.TestDemo">
    <ignored/>
  </testcase> <!-- fileUploadByWithSendkeysByPawanSir -->
  <testcase name="mouseHoverWithClickByPawanSir" time="0.0" classname="PracticeScenario.TestDemo">
    <ignored/>
  </testcase> <!-- mouseHoverWithClickByPawanSir -->
  <testcase name="fileUploadByWithRobotClassByPawanSir" time="0.0" classname="PracticeScenario.TestDemo">
    <ignored/>
  </testcase> <!-- fileUploadByWithRobotClassByPawanSir -->
  <testcase name="handlingAutoSuggetionPopupwithPOM" time="0.0" classname="PracticeScenario.TestDemo">
    <ignored/>
  </testcase> <!-- handlingAutoSuggetionPopupwithPOM -->
  <testcase name="useOfJavaScriptExecutorUtilDrawBorder" time="0.0" classname="PracticeScenario.TestDemo">
    <ignored/>
  </testcase> <!-- useOfJavaScriptExecutorUtilDrawBorder -->
  <testcase name="doubletClickByPawanSir" time="0.0" classname="PracticeScenario.TestDemo">
    <ignored/>
  </testcase> <!-- doubletClickByPawanSir -->
  <testcase name="keyboardaction" time="0.0" classname="PracticeScenario.TestDemo">
    <ignored/>
  </testcase> <!-- keyboardaction -->
  <testcase name="writingTheScriptInPOM" time="0.0" classname="PracticeScenario.TestDemo">
    <ignored/>
  </testcase> <!-- writingTheScriptInPOM -->
  <testcase name="identifyLogoField" time="0.0" classname="PracticeScenario.TestDemo">
    <ignored/>
  </testcase> <!-- identifyLogoField -->
  <testcase name="allNavigationCommand" time="0.0" classname="PracticeScenario.TestDemo">
    <ignored/>
  </testcase> <!-- allNavigationCommand -->
  <testcase name="checkBoxScenarioQuestion" time="0.0" classname="PracticeScenario.TestDemo">
    <ignored/>
  </testcase> <!-- checkBoxScenarioQuestion -->
  <testcase name="dragAndDropByPawanSir" time="0.0" classname="PracticeScenario.TestDemo">
    <ignored/>
  </testcase> <!-- dragAndDropByPawanSir -->
  <testcase name="calenderTableHandlingByPawanSir" time="0.0" classname="PracticeScenario.TestDemo">
    <ignored/>
  </testcase> <!-- calenderTableHandlingByPawanSir -->
  <testcase name="getTextIsNotWorking" time="0.0" classname="PracticeScenario.TestDemo">
    <ignored/>
  </testcase> <!-- getTextIsNotWorking -->
  <testcase name="handlingAutoSuggetionPopups" time="0.0" classname="PracticeScenario.TestDemo">
    <ignored/>
  </testcase> <!-- handlingAutoSuggetionPopups -->
  <testcase name="useOfJavaScriptErUtilDrawBorder" time="0.0" classname="PracticeScenario.TestDemo">
    <ignored/>
  </testcase> <!-- useOfJavaScriptErUtilDrawBorder -->
  <testcase name="reusableLoginMethodUse" time="0.0" classname="PracticeScenario.TestDemo">
    <ignored/>
  </testcase> <!-- reusableLoginMethodUse -->
  <testcase name="iframe" time="0.0" classname="PracticeScenario.TestDemo">
    <ignored/>
  </testcase> <!-- iframe -->
  <testcase name="capturingScreenShotByPawanSir" time="0.0" classname="PracticeScenario.TestDemo">
    <ignored/>
  </testcase> <!-- capturingScreenShotByPawanSir -->
  <testcase name="toolTipByPawanSir" time="0.0" classname="PracticeScenario.TestDemo">
    <ignored/>
  </testcase> <!-- toolTipByPawanSir -->
  <testcase name="validateText" time="0.0" classname="PracticeScenario.TestDemo">
    <ignored/>
  </testcase> <!-- validateText -->
  <testcase name="multiKeybrdAcon" time="0.0" classname="PracticeScenario.TestDemo">
    <ignored/>
  </testcase> <!-- multiKeybrdAcon -->
  <testcase name="SoftAssertion" time="0.0" classname="PracticeScenario.TestDemo">
    <ignored/>
  </testcase> <!-- SoftAssertion -->
</testsuite> <!-- Default test -->
