<?xml version="1.0" encoding="UTF-8"?>
<!-- Generated by org.testng.reporters.JUnitXMLReporter -->
<testsuite hostname="Dell123" ignored="0" name="Test2" tests="1" failures="0" timestamp="2023-01-23T12:15:18 IST" time="0.203" errors="0">
  <testcase name="@BeforeTest crossBrowser" time="0.109" classname="CrossBrowserTesting.CrossBrowserTestScript">
    <failure type="java.lang.IllegalStateException" message="The path to the driver executable must be set by the webdriver.gecko.driver system property; for more information, see https://github.com/mozilla/geckodriver. The latest version can be downloaded from https://github.com/mozilla/geckodriver/releases">
      <![CDATA[java.lang.IllegalStateException: The path to the driver executable must be set by the webdriver.gecko.driver system property; for more information, see https://github.com/mozilla/geckodriver. The latest version can be downloaded from https://github.com/mozilla/geckodriver/releases
at com.google.common.base.Preconditions.checkState(Preconditions.java:847)
at org.openqa.selenium.remote.service.DriverService.findExecutable(DriverService.java:134)
at org.openqa.selenium.firefox.GeckoDriverService.access$100(GeckoDriverService.java:44)
at org.openqa.selenium.firefox.GeckoDriverService$Builder.findDefaultExecutable(GeckoDriverService.java:167)
at org.openqa.selenium.remote.service.DriverService$Builder.build(DriverService.java:355)
at org.openqa.selenium.firefox.FirefoxDriver.toExecutor(FirefoxDriver.java:190)
at org.openqa.selenium.firefox.FirefoxDriver.<init>(FirefoxDriver.java:147)
at org.openqa.selenium.firefox.FirefoxDriver.<init>(FirefoxDriver.java:125)
at CrossBrowserTesting.CrossBrowserTestScript.crossBrowser(CrossBrowserTestScript.java:29)
at java.util.concurrent.FutureTask.run(Unknown Source)
at java.util.concurrent.ThreadPoolExecutor.runWorker(Unknown Source)
at java.util.concurrent.ThreadPoolExecutor$Worker.run(Unknown Source)
at java.lang.Thread.run(Unknown Source)
... Removed 15 stack frames]]>
    </failure>
  </testcase> <!-- @BeforeTest crossBrowser -->
  <testcase name="@AfterTest endTest" time="-1.674456318227E9" classname="CrossBrowserTesting.CrossBrowserTestScript">
    <skipped/>
  </testcase> <!-- @AfterTest endTest -->
  <testcase name="TC1" time="0.0" classname="CrossBrowserTesting.CrossBrowserTestScript">
    <skipped/>
  </testcase> <!-- TC1 -->
</testsuite> <!-- Test2 -->
