<?xml version="1.0" encoding="UTF-8"?>
<!-- Generated by org.testng.reporters.JUnitXMLReporter -->
<testsuite hostname="Dell123" ignored="3" name="Testing parameterization" tests="1" failures="0" timestamp="2022-08-23T22:46:49 IST" time="56.957" errors="0">
  <testcase name="TestCaseFour" time="56.902" classname="Parameterization.Parameterization"/>
  <testcase name="TestCaseTwo" time="0.0" classname="Parameterization.Parameterization">
    <ignored/>
  </testcase> <!-- TestCaseTwo -->
  <testcase name="TestCasethree" time="0.0" classname="Parameterization.Parameterization">
    <ignored/>
  </testcase> <!-- TestCasethree -->
  <testcase name="TestCaseone" time="0.0" classname="Parameterization.Parameterization">
    <ignored/>
  </testcase> <!-- TestCaseone -->
</testsuite> <!-- Testing parameterization -->
