<?xml version="1.0" encoding="UTF-8"?>
<!-- Generated by org.testng.reporters.JUnitXMLReporter -->
<testsuite hostname="Dell123" ignored="0" name="Test" tests="5" failures="0" timestamp="2022-07-20T20:39:31 IST" time="2.034" errors="0">
  <testcase name="TestCase1" time="0.0" classname="TestNGByShaileshSir.Example4"/>
  <testcase name="TestCase2" time="0.0" classname="TestNGByShaileshSir.Example4"/>
  <testcase name="TestCase3" time="2.016" classname="TestNGByShaileshSir.Example3"/>
  <testcase name="testCase7" time="0.0" classname="TestNGByShaileshSir.Example6"/>
  <testcase name="testCase8" time="0.016" classname="TestNGByShaileshSir.Example6"/>
</testsuite> <!-- Test -->
