<?xml version="1.0" encoding="UTF-8"?>
<testng-results skipped="0" failed="0" ignored="0" total="1" passed="1">
  <reporter-output>
  </reporter-output>
  <suite name="Suite" duration-ms="31835" started-at="2023-04-29T15:20:16 IST" finished-at="2023-04-29T15:20:48 IST">
    <groups>
    </groups>
    <test name="POM1" duration-ms="31835" started-at="2023-04-29T15:20:16 IST" finished-at="2023-04-29T15:20:48 IST">
      <class name="POM.GuruTest">
        <test-method status="PASS" signature="guruLogin()[pri:0, instance:POM.GuruTest@307f6b8c]" name="guruLogin" duration-ms="31785" started-at="2023-04-29T15:20:16 IST" finished-at="2023-04-29T15:20:48 IST">
          <reporter-output>
          </reporter-output>
        </test-method> <!-- guruLogin -->
      </class> <!-- POM.GuruTest -->
    </test> <!-- POM1 -->
  </suite> <!-- Suite -->
</testng-results>
