<?xml version="1.0" encoding="UTF-8"?>
<testng-results skipped="0" failed="0" ignored="0" total="1" passed="1">
  <reporter-output>
  </reporter-output>
  <suite name="Default suite" duration-ms="40191" started-at="2023-08-04T11:12:34 IST" finished-at="2023-08-04T11:13:14 IST">
    <groups>
    </groups>
    <test name="Default test" duration-ms="40191" started-at="2023-08-04T11:12:34 IST" finished-at="2023-08-04T11:13:14 IST">
      <class name="PracticeScenario.Table">
        <test-method status="PASS" signature="table()[pri:0, instance:PracticeScenario.Table@307f6b8c]" name="table" duration-ms="40121" started-at="2023-08-04T11:12:34 IST" finished-at="2023-08-04T11:13:14 IST">
          <reporter-output>
          </reporter-output>
        </test-method> <!-- table -->
      </class> <!-- PracticeScenario.Table -->
    </test> <!-- Default test -->
  </suite> <!-- Default suite -->
</testng-results>
